<?xml version="1.0" encoding="UTF-8"?>
<!-- Generated by org.testng.reporters.JUnitXMLReporter -->
<testsuite ignored="0" hostname="vamsiraji" failures="0" tests="5" name="chromeTest" time="39.76" errors="0" timestamp="2022-05-25T22:21:50 EDT">
  <testcase classname="com.salesfrocepom.tests.Automationpomscripts" name="LoginSFDC" time="3.706"/>
  <testcase classname="com.salesfrocepom.tests.Automationpomscripts" name="NaviagtetoSFDC" time="1.081"/>
  <testcase classname="com.salesfrocepom.tests.Automationpomscripts" name="checkrememberme" time="5.168"/>
  <testcase classname="com.salesfrocepom.tests.Automationpomscripts" name="forgotpassword" time="0.838"/>
  <testcase classname="com.salesfrocepom.tests.Automationpomscripts" name="invalidlogindetials" time="0.753"/>
</testsuite> <!-- chromeTest -->
