<?xml version="1.0" encoding="UTF-8"?>
<!-- Generated by org.testng.reporters.JUnitXMLReporter -->
<testsuite ignored="0" hostname="vamsiraji" failures="0" tests="5" name="edgeTest" time="48.502" errors="0" timestamp="2022-05-25T22:22:38 EDT">
  <testcase classname="com.salesfrocepom.tests.Automationpomscripts" name="LoginSFDC" time="3.31"/>
  <testcase classname="com.salesfrocepom.tests.Automationpomscripts" name="NaviagtetoSFDC" time="0.91"/>
  <testcase classname="com.salesfrocepom.tests.Automationpomscripts" name="checkrememberme" time="7.951"/>
  <testcase classname="com.salesfrocepom.tests.Automationpomscripts" name="forgotpassword" time="0.76"/>
  <testcase classname="com.salesfrocepom.tests.Automationpomscripts" name="invalidlogindetials" time="0.949"/>
</testsuite> <!-- edgeTest -->
